E, [2021-06-11T16:52:50.475020 #11437] ERROR -- Kitchen: ------Exception-------
E, [2021-06-11T16:52:50.475090 #11437] ERROR -- Kitchen: Class: Kitchen::UserError
E, [2021-06-11T16:52:50.475111 #11437] ERROR -- Kitchen: Message: Kitchen YAML file /home/warrenwongngc/chef-repo/kitchen.yml does not exist.
E, [2021-06-11T16:52:50.475124 #11437] ERROR -- Kitchen: ----------------------
E, [2021-06-11T16:52:50.475135 #11437] ERROR -- Kitchen: ------Backtrace-------
E, [2021-06-11T16:52:50.475145 #11437] ERROR -- Kitchen: /usr/local/rvm/rubies/ruby-2.7.2/lib/ruby/gems/2.7.0/gems/test-kitchen-2.11.2/lib/kitchen/loader/yaml.rb:65:in `read'
E, [2021-06-11T16:52:50.475156 #11437] ERROR -- Kitchen: /usr/local/rvm/rubies/ruby-2.7.2/lib/ruby/gems/2.7.0/gems/test-kitchen-2.11.2/lib/kitchen/config.rb:153:in `data'
E, [2021-06-11T16:52:50.475167 #11437] ERROR -- Kitchen: /usr/local/rvm/rubies/ruby-2.7.2/lib/ruby/gems/2.7.0/gems/test-kitchen-2.11.2/lib/kitchen/config.rb:131:in `suites'
E, [2021-06-11T16:52:50.475178 #11437] ERROR -- Kitchen: /usr/local/rvm/rubies/ruby-2.7.2/lib/ruby/gems/2.7.0/gems/test-kitchen-2.11.2/lib/kitchen/config.rb:183:in `filter_instances'
E, [2021-06-11T16:52:50.475189 #11437] ERROR -- Kitchen: /usr/local/rvm/rubies/ruby-2.7.2/lib/ruby/gems/2.7.0/gems/test-kitchen-2.11.2/lib/kitchen/config.rb:142:in `build_instances'
E, [2021-06-11T16:52:50.475200 #11437] ERROR -- Kitchen: /usr/local/rvm/rubies/ruby-2.7.2/lib/ruby/gems/2.7.0/gems/test-kitchen-2.11.2/lib/kitchen/config.rb:116:in `instances'
E, [2021-06-11T16:52:50.475211 #11437] ERROR -- Kitchen: /usr/local/rvm/rubies/ruby-2.7.2/lib/ruby/gems/2.7.0/gems/test-kitchen-2.11.2/lib/kitchen/command.rb:109:in `filtered_instances'
E, [2021-06-11T16:52:50.475222 #11437] ERROR -- Kitchen: /usr/local/rvm/rubies/ruby-2.7.2/lib/ruby/gems/2.7.0/gems/test-kitchen-2.11.2/lib/kitchen/command.rb:139:in `parse_subcommand'
E, [2021-06-11T16:52:50.475233 #11437] ERROR -- Kitchen: /usr/local/rvm/rubies/ruby-2.7.2/lib/ruby/gems/2.7.0/gems/test-kitchen-2.11.2/lib/kitchen/command/list.rb:29:in `call'
E, [2021-06-11T16:52:50.475244 #11437] ERROR -- Kitchen: /usr/local/rvm/rubies/ruby-2.7.2/lib/ruby/gems/2.7.0/gems/test-kitchen-2.11.2/lib/kitchen/cli.rb:52:in `perform'
E, [2021-06-11T16:52:50.475255 #11437] ERROR -- Kitchen: /usr/local/rvm/rubies/ruby-2.7.2/lib/ruby/gems/2.7.0/gems/test-kitchen-2.11.2/lib/kitchen/cli.rb:120:in `list'
E, [2021-06-11T16:52:50.475266 #11437] ERROR -- Kitchen: /usr/local/rvm/rubies/ruby-2.7.2/lib/ruby/gems/2.7.0/gems/thor-1.1.0/lib/thor/command.rb:27:in `run'
E, [2021-06-11T16:52:50.475276 #11437] ERROR -- Kitchen: /usr/local/rvm/rubies/ruby-2.7.2/lib/ruby/gems/2.7.0/gems/thor-1.1.0/lib/thor/invocation.rb:127:in `invoke_command'
E, [2021-06-11T16:52:50.475287 #11437] ERROR -- Kitchen: /usr/local/rvm/rubies/ruby-2.7.2/lib/ruby/gems/2.7.0/gems/thor-1.1.0/lib/thor.rb:392:in `dispatch'
E, [2021-06-11T16:52:50.475297 #11437] ERROR -- Kitchen: /usr/local/rvm/rubies/ruby-2.7.2/lib/ruby/gems/2.7.0/gems/thor-1.1.0/lib/thor/base.rb:485:in `start'
E, [2021-06-11T16:52:50.475308 #11437] ERROR -- Kitchen: /usr/local/rvm/rubies/ruby-2.7.2/lib/ruby/gems/2.7.0/gems/test-kitchen-2.11.2/bin/kitchen:11:in `block in <top (required)>'
E, [2021-06-11T16:52:50.475319 #11437] ERROR -- Kitchen: /usr/local/rvm/rubies/ruby-2.7.2/lib/ruby/gems/2.7.0/gems/test-kitchen-2.11.2/lib/kitchen/errors.rb:170:in `with_friendly_errors'
E, [2021-06-11T16:52:50.475338 #11437] ERROR -- Kitchen: /usr/local/rvm/rubies/ruby-2.7.2/lib/ruby/gems/2.7.0/gems/test-kitchen-2.11.2/bin/kitchen:11:in `<top (required)>'
E, [2021-06-11T16:52:50.475350 #11437] ERROR -- Kitchen: /usr/local/rvm/rubies/ruby-2.7.2/bin/kitchen:23:in `load'
E, [2021-06-11T16:52:50.475361 #11437] ERROR -- Kitchen: /usr/local/rvm/rubies/ruby-2.7.2/bin/kitchen:23:in `<main>'
E, [2021-06-11T16:52:50.475371 #11437] ERROR -- Kitchen: /usr/local/rvm/rubies/ruby-2.7.2/bin/ruby_executable_hooks:24:in `eval'
E, [2021-06-11T16:52:50.475381 #11437] ERROR -- Kitchen: /usr/local/rvm/rubies/ruby-2.7.2/bin/ruby_executable_hooks:24:in `<main>'
E, [2021-06-11T16:52:50.475392 #11437] ERROR -- Kitchen: ----End Backtrace-----
